c:\develop\cppcode\websocketdemo\websocketdemo\x64\debug\dataframe.obj
c:\develop\cppcode\websocketdemo\websocketdemo\x64\debug\qrc_websocketdemo.obj
c:\develop\cppcode\websocketdemo\websocketdemo\x64\debug\moc_socketconnection.obj
c:\develop\cppcode\websocketdemo\websocketdemo\x64\debug\socketconnection.obj
c:\develop\cppcode\websocketdemo\websocketdemo\x64\debug\moc_websocketdemo.obj
c:\develop\cppcode\websocketdemo\websocketdemo\x64\debug\websocketdemo.obj
c:\develop\cppcode\websocketdemo\websocketdemo\x64\debug\main.obj
c:\develop\cppcode\websocketdemo\websocketdemo\x64\debug\vc140.pdb
c:\develop\cppcode\websocketdemo\bin\websocketdemo.ilk
c:\develop\cppcode\websocketdemo\bin\websocketdemo.exe
c:\develop\cppcode\websocketdemo\bin\websocketdemo.pdb
c:\develop\cppcode\websocketdemo\websocketdemo\.\generatedfiles\debug\moc_websocketdemo.cpp
c:\develop\cppcode\websocketdemo\websocketdemo\.\generatedfiles\debug\moc_socketconnection.cpp
c:\develop\cppcode\websocketdemo\websocketdemo\x64\debug\websocketdemo.res
c:\develop\cppcode\websocketdemo\websocketdemo\.\generatedfiles\qrc_websocketdemo.cpp
c:\develop\cppcode\websocketdemo\websocketdemo\.\generatedfiles\ui_websocketdemo.h
c:\develop\cppcode\websocketdemo\websocketdemo\generatedfiles\ui_websocketdemo.h
c:\develop\cppcode\websocketdemo\websocketdemo\generatedfiles\qrc_websocketdemo.cpp
c:\develop\cppcode\websocketdemo\websocketdemo\generatedfiles\debug\moc_websocketdemo.cpp
c:\develop\cppcode\websocketdemo\websocketdemo\generatedfiles\debug\moc_socketconnection.cpp
c:\develop\cppcode\websocketdemo\websocketdemo\../bin\websocketdemo.exe
c:\develop\cppcode\websocketdemo\websocketdemo\x64\debug\websocketdemo.tlog\cl.command.1.tlog
c:\develop\cppcode\websocketdemo\websocketdemo\x64\debug\websocketdemo.tlog\cl.read.1.tlog
c:\develop\cppcode\websocketdemo\websocketdemo\x64\debug\websocketdemo.tlog\cl.write.1.tlog
c:\develop\cppcode\websocketdemo\websocketdemo\x64\debug\websocketdemo.tlog\link.command.1.tlog
c:\develop\cppcode\websocketdemo\websocketdemo\x64\debug\websocketdemo.tlog\link.read.1.tlog
c:\develop\cppcode\websocketdemo\websocketdemo\x64\debug\websocketdemo.tlog\link.write.1.tlog
c:\develop\cppcode\websocketdemo\websocketdemo\x64\debug\websocketdemo.tlog\moc.read.1u.tlog
c:\develop\cppcode\websocketdemo\websocketdemo\x64\debug\websocketdemo.tlog\moc.write.1u.tlog
c:\develop\cppcode\websocketdemo\websocketdemo\x64\debug\websocketdemo.tlog\rc.command.1.tlog
c:\develop\cppcode\websocketdemo\websocketdemo\x64\debug\websocketdemo.tlog\rc.read.1.tlog
c:\develop\cppcode\websocketdemo\websocketdemo\x64\debug\websocketdemo.tlog\rc.write.1.tlog
c:\develop\cppcode\websocketdemo\websocketdemo\x64\debug\websocketdemo.tlog\rcc.read.1u.tlog
c:\develop\cppcode\websocketdemo\websocketdemo\x64\debug\websocketdemo.tlog\rcc.write.1u.tlog
c:\develop\cppcode\websocketdemo\websocketdemo\x64\debug\websocketdemo.tlog\uic.read.1u.tlog
c:\develop\cppcode\websocketdemo\websocketdemo\x64\debug\websocketdemo.tlog\uic.write.1u.tlog
c:\develop\cppcode\websocketdemo\websocketdemo\x64\debug\websocketdemo.tlog\websocketdemo.write.1u.tlog
