c:\develop\cppcode\websocketdemo\websocketdemo\x64\release\socketconnection.obj
c:\develop\cppcode\websocketdemo\websocketdemo\x64\release\moc_websocketdemo.obj
c:\develop\cppcode\websocketdemo\websocketdemo\x64\release\dataframe.obj
c:\develop\cppcode\websocketdemo\websocketdemo\x64\release\qrc_websocketdemo.obj
c:\develop\cppcode\websocketdemo\websocketdemo\x64\release\moc_socketconnection.obj
c:\develop\cppcode\websocketdemo\websocketdemo\x64\release\websocketdemo.obj
c:\develop\cppcode\websocketdemo\websocketdemo\x64\release\main.obj
c:\develop\cppcode\websocketdemo\rbin\websocketdemo.exe
c:\develop\cppcode\websocketdemo\websocketdemo\generatedfiles\release\moc_websocketdemo.cpp
c:\develop\cppcode\websocketdemo\websocketdemo\generatedfiles\release\moc_socketconnection.cpp
c:\develop\cppcode\websocketdemo\websocketdemo\x64\release\websocketdemo.res
c:\develop\cppcode\websocketdemo\websocketdemo\generatedfiles\qrc_websocketdemo.cpp
c:\develop\cppcode\websocketdemo\websocketdemo\generatedfiles\ui_websocketdemo.h
c:\develop\cppcode\websocketdemo\websocketdemo\../rbin\websocketdemo.exe
c:\develop\cppcode\websocketdemo\websocketdemo\x64\release\websocketdemo.tlog\cl.command.1.tlog
c:\develop\cppcode\websocketdemo\websocketdemo\x64\release\websocketdemo.tlog\cl.read.1.tlog
c:\develop\cppcode\websocketdemo\websocketdemo\x64\release\websocketdemo.tlog\cl.write.1.tlog
c:\develop\cppcode\websocketdemo\websocketdemo\x64\release\websocketdemo.tlog\link.command.1.tlog
c:\develop\cppcode\websocketdemo\websocketdemo\x64\release\websocketdemo.tlog\link.read.1.tlog
c:\develop\cppcode\websocketdemo\websocketdemo\x64\release\websocketdemo.tlog\link.write.1.tlog
c:\develop\cppcode\websocketdemo\websocketdemo\x64\release\websocketdemo.tlog\moc.read.1u.tlog
c:\develop\cppcode\websocketdemo\websocketdemo\x64\release\websocketdemo.tlog\moc.write.1u.tlog
c:\develop\cppcode\websocketdemo\websocketdemo\x64\release\websocketdemo.tlog\rc.command.1.tlog
c:\develop\cppcode\websocketdemo\websocketdemo\x64\release\websocketdemo.tlog\rc.read.1.tlog
c:\develop\cppcode\websocketdemo\websocketdemo\x64\release\websocketdemo.tlog\rc.write.1.tlog
c:\develop\cppcode\websocketdemo\websocketdemo\x64\release\websocketdemo.tlog\rcc.read.1u.tlog
c:\develop\cppcode\websocketdemo\websocketdemo\x64\release\websocketdemo.tlog\rcc.write.1u.tlog
c:\develop\cppcode\websocketdemo\websocketdemo\x64\release\websocketdemo.tlog\uic.read.1u.tlog
c:\develop\cppcode\websocketdemo\websocketdemo\x64\release\websocketdemo.tlog\uic.write.1u.tlog
c:\develop\cppcode\websocketdemo\websocketdemo\x64\release\websocketdemo.tlog\websocketdemo.write.1u.tlog
